2025-09-18 20:27:03,745 - trading_bot - INFO - Sistema de logging inicializado
2025-09-18 20:28:47,070 - trading_bot - INFO - Sistema de logging inicializado
2025-09-18 20:29:23,360 - trading_bot - INFO - Sistema de logging inicializado
2025-09-18 20:30:27,114 - trading_bot - INFO - Sistema de logging inicializado
2025-09-18 20:30:31,465 - trading_bot - INFO - Sistema de logging inicializado
2025-09-18 20:30:31,465 - trading_bot - INFO - Sistema iniciado
2025-09-18 20:31:01,771 - trading_bot - INFO - Sistema de logging inicializado
2025-09-18 20:31:03,454 - trading_bot - INFO - Sistema de logging inicializado
2025-09-18 20:31:03,454 - trading_bot - INFO - Sistema iniciado
2025-09-18 20:31:03,454 - trading_bot - ERROR - Configurações inválidas: Erros de configuração: DERIV_API_TOKEN não configurado. Configure via variável de ambiente.
2025-09-18 20:31:34,184 - trading_bot - INFO - Sistema de logging inicializado
2025-09-18 20:31:35,830 - trading_bot - INFO - Sistema de logging inicializado
2025-09-18 20:31:35,830 - trading_bot - INFO - Sistema iniciado
2025-09-18 20:31:35,830 - trading_bot - ERROR - Configurações inválidas: Erros de configuração: DERIV_API_TOKEN não configurado. Configure via variável de ambiente.
2025-09-18 20:32:02,679 - trading_bot - INFO - Sistema de logging inicializado
2025-09-18 20:32:04,381 - trading_bot - INFO - Sistema de logging inicializado
2025-09-18 20:32:04,381 - trading_bot - INFO - Sistema iniciado
2025-09-18 20:32:57,533 - trading_bot - INFO - Sistema de logging inicializado
2025-09-18 20:32:59,184 - trading_bot - INFO - Sistema de logging inicializado
2025-09-18 20:32:59,185 - trading_bot - INFO - Sistema iniciado
2025-09-18 20:33:19,891 - trading_bot - INFO - Sistema de logging inicializado
2025-09-18 20:33:21,520 - trading_bot - INFO - Sistema de logging inicializado
2025-09-18 20:33:21,520 - trading_bot - INFO - Sistema iniciado
2025-09-18 20:33:31,547 - trading_bot - ERROR - Erro na coleta de dados: object bool can't be used in 'await' expression
2025-09-18 20:33:32,316 - trading_bot - INFO - Sistema de logging inicializado
2025-09-18 20:33:33,931 - trading_bot - INFO - Sistema de logging inicializado
2025-09-18 20:33:33,931 - trading_bot - INFO - Sistema iniciado
2025-09-18 20:33:33,931 - trading_bot - ERROR - Erro no treinamento: 'TradingConfig' object has no attribute 'symbol'
2025-09-18 20:33:34,682 - trading_bot - INFO - Sistema de logging inicializado
2025-09-18 20:33:36,280 - trading_bot - INFO - Sistema de logging inicializado
2025-09-18 20:33:36,280 - trading_bot - INFO - Sistema iniciado
2025-09-18 20:33:36,280 - trading_bot - ERROR - Erro no backtest: 'TradingConfig' object has no attribute 'symbol'
2025-09-18 20:33:37,045 - trading_bot - INFO - Sistema de logging inicializado
2025-09-18 20:33:38,699 - trading_bot - INFO - Sistema de logging inicializado
2025-09-18 20:33:38,699 - trading_bot - INFO - Sistema iniciado
2025-09-18 20:33:38,700 - trading_bot - ERROR - Erro no trading: 'TradingConfig' object has no attribute 'symbol'
2025-09-18 20:33:39,486 - trading_bot - INFO - Sistema de logging inicializado
2025-09-18 20:33:41,193 - trading_bot - INFO - Sistema de logging inicializado
2025-09-18 20:33:41,193 - trading_bot - INFO - Sistema iniciado
2025-09-18 20:33:55,558 - trading_bot - INFO - Sistema de logging inicializado
2025-09-18 20:34:39,009 - trading_bot - INFO - Sistema de logging inicializado
2025-09-18 20:35:02,178 - trading_bot - INFO - Sistema de logging inicializado
2025-09-18 20:35:03,788 - trading_bot - INFO - Sistema de logging inicializado
2025-09-18 20:35:03,788 - trading_bot - INFO - Sistema iniciado
2025-09-18 20:35:05,218 - trading_bot - INFO - Sistema de logging inicializado
2025-09-18 20:35:06,866 - trading_bot - INFO - Sistema de logging inicializado
2025-09-18 20:35:06,866 - trading_bot - INFO - Sistema iniciado
2025-09-18 20:35:12,549 - trading_bot - INFO - Sistema de logging inicializado
2025-09-18 20:36:32,670 - trading_bot - INFO - Sistema de logging inicializado
2025-09-18 20:36:34,321 - trading_bot - INFO - Sistema de logging inicializado
2025-09-18 20:36:34,321 - trading_bot - INFO - Sistema iniciado
2025-09-18 20:36:46,970 - trading_bot - INFO - Sistema de logging inicializado
2025-09-18 20:38:05,254 - trading_bot - INFO - Sistema de logging inicializado
2025-09-18 20:38:20,126 - trading_bot - INFO - Sistema de logging inicializado
2025-09-18 20:38:30,355 - trading_bot - INFO - Sistema de logging inicializado
2025-09-18 20:40:02,191 - trading_bot - INFO - Sistema de logging inicializado
2025-09-18 20:40:37,942 - trading_bot - INFO - Sistema de logging inicializado
2025-09-18 20:41:49,464 - trading_bot - INFO - Sistema de logging inicializado
2025-09-18 20:42:01,966 - trading_bot - INFO - Sistema de logging inicializado
2025-09-18 20:42:17,348 - trading_bot - INFO - Sistema de logging inicializado
2025-09-18 20:44:20,972 - trading_bot - INFO - Sistema de logging inicializado
2025-09-18 20:44:38,472 - trading_bot - INFO - Sistema de logging inicializado
2025-09-18 20:44:51,652 - trading_bot - INFO - Sistema de logging inicializado
2025-09-18 20:45:17,245 - trading_bot - INFO - Sistema de logging inicializado
2025-09-18 20:45:27,511 - trading_bot - INFO - Sistema de logging inicializado
2025-09-18 20:45:48,033 - trading_bot - INFO - Sistema de logging inicializado
2025-09-18 20:46:07,023 - trading_bot - INFO - Sistema de logging inicializado
2025-09-18 20:49:54,569 - trading_bot - INFO - Sistema de logging inicializado
2025-09-18 20:50:14,820 - trading_bot - INFO - Sistema de logging inicializado
2025-09-18 20:53:42,174 - trading_bot - INFO - Sistema de logging inicializado
2025-09-18 20:57:04,352 - trading_bot - INFO - Sistema de logging inicializado
2025-09-18 21:18:01,307 - trading_bot - INFO - Sistema de logging inicializado
2025-09-18 21:18:22,107 - trading_bot - INFO - Sistema de logging inicializado
2025-09-18 21:18:23,756 - trading_bot - INFO - Sistema de logging inicializado
2025-09-18 21:18:23,756 - trading_bot - INFO - Sistema iniciado
2025-09-18 21:18:36,210 - trading_bot - INFO - Sistema de logging inicializado
2025-09-20 08:05:30,829 - trading_bot - INFO - Sistema de logging inicializado
2025-09-20 08:18:07,571 - trading_bot - INFO - Sistema de logging inicializado
2025-09-20 08:18:16,667 - trading_bot - INFO - Sistema de logging inicializado
2025-09-20 08:18:16,667 - trading_bot - INFO - Sistema iniciado
2025-09-20 08:18:28,417 - trading_bot - INFO - Sistema de logging inicializado
2025-09-20 08:19:51,807 - trading_bot - INFO - Sistema de logging inicializado
2025-09-20 08:19:53,492 - trading_bot - INFO - Sistema de logging inicializado
2025-09-20 08:19:53,492 - trading_bot - INFO - Sistema iniciado
2025-09-20 08:20:39,622 - trading_bot - INFO - Sistema de logging inicializado
2025-09-20 08:26:06,571 - trading_bot - INFO - Sistema de logging inicializado
2025-09-20 08:26:08,171 - trading_bot - INFO - Sistema de logging inicializado
2025-09-20 08:26:08,172 - trading_bot - INFO - Sistema iniciado
2025-09-20 08:26:18,598 - trading_bot - INFO - Sistema de logging inicializado
2025-09-20 08:58:13,781 - trading_bot - INFO - Sistema de logging inicializado
2025-09-20 09:05:21,077 - trading_bot - INFO - Sistema de logging inicializado
2025-09-20 09:07:01,357 - trading_bot - INFO - Sistema de logging inicializado
2025-09-20 09:08:07,499 - trading_bot - INFO - Sistema de logging inicializado
2025-09-20 09:15:08,157 - trading_bot - INFO - Sistema de logging inicializado
2025-09-20 09:15:21,455 - trading_bot - INFO - Sistema de logging inicializado
2025-09-20 09:22:13,925 - trading_bot - INFO - Sistema de logging inicializado
2025-09-20 09:34:54,831 - trading_bot - INFO - Sistema de logging inicializado
2025-09-20 09:37:46,429 - trading_bot - INFO - Sistema de logging inicializado
2025-09-20 09:39:02,594 - trading_bot - INFO - Sistema de logging inicializado
2025-09-20 09:39:16,760 - trading_bot - INFO - Sistema de logging inicializado
2025-09-20 09:42:53,744 - trading_bot - INFO - Sistema de logging inicializado
2025-09-20 09:43:16,010 - trading_bot - INFO - Sistema de logging inicializado
2025-09-20 09:43:27,208 - trading_bot - INFO - Sistema de logging inicializado
2025-09-20 09:44:10,522 - trading_bot - INFO - Sistema de logging inicializado
2025-09-20 09:44:54,878 - trading_bot.dashboard - INFO - Trading automático iniciado via dashboard
2025-09-20 09:46:36,354 - trading_bot.dashboard - INFO - Trading automático iniciado via dashboard
2025-09-20 09:49:13,511 - trading_bot - INFO - Sistema de logging inicializado
2025-09-20 09:49:37,347 - trading_bot - INFO - Sistema de logging inicializado
2025-09-20 09:50:17,323 - trading_bot - INFO - Sistema de logging inicializado
2025-09-20 09:51:24,906 - trading_bot - INFO - Sistema de logging inicializado
2025-09-20 09:51:43,570 - trading_bot - INFO - Sistema de logging inicializado
2025-09-20 09:52:04,359 - trading_bot - INFO - Sistema de logging inicializado
2025-09-20 09:52:29,586 - trading_bot.dashboard - ERROR - Erro ao iniciar trading: name 'logger' is not defined
2025-09-20 09:52:33,450 - trading_bot.dashboard - ERROR - Erro ao iniciar trading: name 'logger' is not defined
2025-09-20 09:52:46,557 - trading_bot - INFO - Sistema de logging inicializado
2025-09-20 09:54:00,728 - trading_bot - INFO - Sistema de logging inicializado
2025-09-20 09:55:00,243 - trading_bot - INFO - Sistema de logging inicializado
2025-09-20 09:55:49,133 - trading_bot - INFO - Sistema de logging inicializado
2025-09-20 09:56:46,814 - trading_bot - INFO - Sistema de logging inicializado
2025-09-20 09:56:47,317 - trading_bot.__main__ - ERROR - Erro no teste de sinais: object bool can't be used in 'await' expression
2025-09-20 09:58:15,865 - trading_bot - INFO - Sistema de logging inicializado
2025-09-20 09:58:41,131 - trading_bot - INFO - Sistema de logging inicializado
2025-09-20 09:59:09,729 - trading_bot - INFO - Sistema de logging inicializado
2025-09-20 09:59:31,465 - trading_bot - INFO - Sistema de logging inicializado
2025-09-20 10:00:17,473 - trading_bot - INFO - Sistema de logging inicializado
2025-09-20 10:00:55,447 - trading_bot - INFO - Sistema de logging inicializado
2025-09-20 10:02:01,295 - trading_bot - INFO - Sistema de logging inicializado
2025-09-20 10:02:30,270 - trading_bot - INFO - Sistema de logging inicializado
2025-09-20 10:02:35,683 - trading_bot.__main__ - ERROR - Erro no teste de sinais: 'TradingConfig' object has no attribute 'min_probability'
2025-09-20 10:02:53,689 - trading_bot - INFO - Sistema de logging inicializado
2025-09-20 10:04:08,376 - trading_bot - INFO - Sistema de logging inicializado
2025-09-20 10:04:25,404 - trading_bot - INFO - Sistema de logging inicializado
2025-09-20 10:17:41,269 - trading_bot - INFO - Sistema de logging inicializado
2025-09-20 10:18:11,877 - trading_bot - INFO - Sistema de logging inicializado
2025-09-20 10:18:11,879 - trading_bot - INFO - Sistema de logging inicializado
2025-09-20 10:18:11,879 - trading_bot - INFO - Sistema de logging inicializado
2025-09-20 10:23:35,900 - trading_bot - INFO - Sistema de logging inicializado
2025-09-20 10:24:00,474 - trading_bot - INFO - Sistema de logging inicializado
2025-09-20 10:24:24,413 - trading_bot - INFO - Sistema de logging inicializado
2025-09-20 10:24:44,611 - trading_bot - INFO - Sistema de logging inicializado
2025-09-20 10:25:13,383 - trading_bot - INFO - Sistema de logging inicializado
2025-09-20 10:26:43,157 - trading_bot - INFO - Sistema de logging inicializado
2025-09-20 10:26:43,157 - trading_bot - INFO - Sistema de logging inicializado
2025-09-20 10:26:43,158 - trading_bot - INFO - Sistema de logging inicializado
2025-09-20 10:29:18,505 - trading_bot - INFO - Sistema de logging inicializado
2025-09-20 10:29:18,505 - trading_bot - INFO - Sistema de logging inicializado
2025-09-20 10:29:18,506 - trading_bot - INFO - Sistema de logging inicializado
2025-09-20 10:36:13,581 - trading_bot - INFO - Sistema de logging inicializado
2025-09-20 10:36:13,582 - trading_bot - INFO - Sistema de logging inicializado
2025-09-20 10:36:13,583 - trading_bot - INFO - Sistema de logging inicializado
2025-09-20 10:37:42,777 - trading_bot - INFO - Sistema de logging inicializado
2025-09-20 10:37:42,779 - trading_bot - INFO - Sistema de logging inicializado
2025-09-20 10:37:42,779 - trading_bot - INFO - Sistema de logging inicializado
2025-09-20 10:38:44,985 - trading_bot - INFO - Sistema de logging inicializado
2025-09-20 10:38:44,986 - trading_bot - INFO - Sistema de logging inicializado
2025-09-20 10:38:44,986 - trading_bot - INFO - Sistema de logging inicializado
2025-09-20 10:39:11,001 - trading_bot - INFO - Sistema de logging inicializado
2025-09-20 10:39:11,002 - trading_bot - INFO - Sistema de logging inicializado
2025-09-20 10:39:11,002 - trading_bot - INFO - Sistema de logging inicializado
2025-09-20 10:39:37,733 - trading_bot - INFO - Sistema de logging inicializado
2025-09-20 10:39:37,735 - trading_bot - INFO - Sistema de logging inicializado
2025-09-20 10:39:37,735 - trading_bot - INFO - Sistema de logging inicializado
2025-09-20 10:41:58,334 - trading_bot - INFO - Sistema de logging inicializado
2025-09-20 10:41:58,335 - trading_bot - INFO - Sistema de logging inicializado
2025-09-20 10:41:58,335 - trading_bot - INFO - Sistema de logging inicializado
2025-09-20 10:44:02,215 - trading_bot - INFO - Sistema de logging inicializado
2025-09-20 10:44:02,217 - trading_bot - INFO - Sistema de logging inicializado
2025-09-20 10:44:02,217 - trading_bot - INFO - Sistema de logging inicializado
2025-09-20 10:45:54,666 - trading_bot - INFO - Sistema de logging inicializado
2025-09-20 10:45:54,669 - trading_bot - INFO - Sistema de logging inicializado
2025-09-20 10:45:54,670 - trading_bot - INFO - Sistema de logging inicializado
2025-09-20 10:49:44,195 - trading_bot - INFO - Sistema de logging inicializado
2025-09-20 10:49:44,197 - trading_bot - INFO - Sistema de logging inicializado
2025-09-20 10:49:44,197 - trading_bot - INFO - Sistema de logging inicializado
2025-09-20 11:16:09,044 - trading_bot - INFO - Sistema de logging inicializado
